[35m[Appium][39m Welcome to Appium v1.20.2
[35m[Appium][39m Non-default server args:
[35m[Appium][39m   port: 56485
[35m[Appium][39m   loglevel: info
[35m[Appium][39m   tmpDir: C:\Users\tommy.yip\AppData\Local\Temp\\Katalon\Appium\Temp1613638517013
[35m[Appium][39m   chromedriverPort: 56486
[35m[Appium][39m Deprecated server args:
[35m[Appium][39m   [31m--chromedriver-port[39m => --default-capabilities
[35m[Appium][39m Default capabilities, which will be added to each request unless overridden by desired capabilities:
[35m[Appium][39m   chromedriverPort: 56486
[35m[Appium][39m Appium REST http interface listener started on 0.0.0.0:56485
[35m[HTTP][39m [37m-->[39m [37mGET[39m [37m/wd/hub/status[39m
[35m[HTTP][39m [90m{}[39m
[35m[HTTP][39m [37m<-- GET /wd/hub/status [39m[32m200[39m [90m6 ms - 68[39m
[35m[HTTP][39m [90m[39m
[35m[HTTP][39m [37m-->[39m [37mGET[39m [37m/wd/hub/status[39m
[35m[HTTP][39m [90m{}[39m
[35m[HTTP][39m [37m<-- GET /wd/hub/status [39m[32m200[39m [90m2 ms - 68[39m
[35m[HTTP][39m [90m[39m
[35m[HTTP][39m [37m-->[39m [37mPOST[39m [37m/wd/hub/session[39m
[35m[HTTP][39m [90m{"desiredCapabilities":{"app":"C:\\Users\\tommy.yip\\Downloads\\RDPay_App.apk","noReset":true,"deviceName":"emulator-5554 (sdk_gphone_x86_arm - Android 11)","fullReset":false,"platform":"ANDROID","newCommandTimeout":1800,"platformVersion":"11","automationName":"uiautomator2","autoGrantPermissions":true,"platformName":"Android","udid":"emulator-5554","systemPort":56490},"capabilities":{"firstMatch":[{"appium:app":"C:\\Users\\tommy.yip\\Downloads\\RDPay_App.apk","appium:autoGrantPermissions":true,"appium:automationName":"uiautomator2","appium:deviceName":"emulator-5554 (sdk_gphone_x86_arm - Android 11)","appium:fullReset":false,"appium:newCommandTimeout":1800,"appium:noReset":true,"platform":"ANDROID","platformName":"android","appium:platformVersion":"11","appium:systemPort":56490,"appium:udid":"emulator-5554"}]}}[39m
[35m[BaseDriver][39m The following capabilities are not standard capabilities and should have an extension prefix:
[35m[BaseDriver][39m   platform
[35m[BaseDriver][39m   chromedriverPort
[35m[Appium][39m Appium v1.20.2 creating new AndroidUiautomator2Driver (v1.61.2) session
[35m[BaseDriver][39m The following capabilities were provided, but are not recognized by Appium:
[35m[BaseDriver][39m   platform
[35m[BaseDriver][39m Session created with session id: e0fb97d8-da79-4c29-82d3-6a7a5d64ab3a
[35m[BaseDriver][39m Using local app 'C:\Users\tommy.yip\Downloads\RDPay_App.apk'
[35m[ADB][39m Found 1 'build-tools' folders under 'C:\Users\tommy.yip\.katalon\tools\android_sdk' (newest first):
[35m[ADB][39m     C:/Users/tommy.yip/.katalon/tools/android_sdk/build-tools/29.0.3
[35m[ADB][39m Using 'adb.exe' from 'C:\Users\tommy.yip\.katalon\tools\android_sdk\platform-tools\adb.exe'
[35m[AndroidDriver][39m Retrieving device list
[35m[AndroidDriver][39m Using device: emulator-5554
[35m[ADB][39m Using 'adb.exe' from 'C:\Users\tommy.yip\.katalon\tools\android_sdk\platform-tools\adb.exe'
[35m[ADB][39m Getting device platform version
[35m[UiAutomator2][39m Relaxing hidden api policy
[35m[ADB][39m Package name: 'com.outsystemsenterprise.rdollardev.RDPayApp'
[35m[ADB][39m Main activity name: 'com.outsystemsenterprise.rdollardev.RDPayApp.MainActivity'
[35m[ADB][39m Using 'apksigner.jar' from 'C:\Users\tommy.yip\.katalon\tools\android_sdk\build-tools\29.0.3\lib\apksigner.jar'
[35m[ADB][39m 'C:\Users\tommy.yip\AppData\Roaming\npm\node_modules\appium\node_modules\appium-uiautomator2-server\apks\appium-uiautomator2-server-v4.17.4.apk' is signed with the default certificate
[35m[ADB][39m 'C:\Users\tommy.yip\AppData\Roaming\npm\node_modules\appium\node_modules\appium-uiautomator2-server\apks\appium-uiautomator2-server-debug-androidTest.apk' is signed with the default certificate
[35m[UiAutomator2][39m Server packages are not going to be (re)installed
[35m[ADB][39m Adding packages ["io.appium.settings","io.appium.uiautomator2.server","io.appium.uiautomator2.server.test"] to Doze whitelist
[35m[ADB][39m 'C:\Users\tommy.yip\Downloads\RDPay_App.apk' is signed with a non-default certificate
[35m[UiAutomator2][39m Starting UIAutomator2 server 4.17.4
[35m[UiAutomator2][39m Using UIAutomator2 server from 'C:\Users\tommy.yip\AppData\Roaming\npm\node_modules\appium\node_modules\appium-uiautomator2-server\apks\appium-uiautomator2-server-v4.17.4.apk' and test from 'C:\Users\tommy.yip\AppData\Roaming\npm\node_modules\appium\node_modules\appium-uiautomator2-server\apks\appium-uiautomator2-server-debug-androidTest.apk'
[35m[UiAutomator2][39m Waiting up to 30000ms for UiAutomator2 to be online...
[35m[WD Proxy][39m socket hang up
[35m[WD Proxy][39m socket hang up
[35m[WD Proxy][39m Determined the downstream protocol as 'W3C'
[35m[AndroidDriver][39m Screen already unlocked, doing nothing
[35m[UiAutomator2][39m Starting 'com.outsystemsenterprise.rdollardev.RDPayApp/com.outsystemsenterprise.rdollardev.RDPayApp.MainActivity and waiting for 'com.outsystemsenterprise.rdollardev.RDPayApp/com.outsystemsenterprise.rdollardev.RDPayApp.MainActivity'
[35m[Appium][39m New AndroidUiautomator2Driver session created successfully, session e0fb97d8-da79-4c29-82d3-6a7a5d64ab3a added to master session list
[35m[HTTP][39m [37m<-- POST /wd/hub/session [39m[32m200[39m [90m5928 ms - 1306[39m
[35m[HTTP][39m [90m[39m
[35m[HTTP][39m [37m-->[39m [37mGET[39m [37m/wd/hub/session/e0fb97d8-da79-4c29-82d3-6a7a5d64ab3a[39m
[35m[HTTP][39m [90m{}[39m
[35m[HTTP][39m [37m<-- GET /wd/hub/session/e0fb97d8-da79-4c29-82d3-6a7a5d64ab3a [39m[32m200[39m [90m8 ms - 1260[39m
[35m[HTTP][39m [90m[39m
[35m[HTTP][39m [37m-->[39m [37mGET[39m [37m/wd/hub/session/e0fb97d8-da79-4c29-82d3-6a7a5d64ab3a[39m
[35m[HTTP][39m [90m{}[39m
[35m[HTTP][39m [37m<-- GET /wd/hub/session/e0fb97d8-da79-4c29-82d3-6a7a5d64ab3a [39m[32m200[39m [90m11 ms - 1260[39m
[35m[HTTP][39m [90m[39m
[35m[HTTP][39m [37m-->[39m [37mGET[39m [37m/wd/hub/status[39m
[35m[HTTP][39m [90m{}[39m
[35m[HTTP][39m [37m<-- GET /wd/hub/status [39m[32m200[39m [90m1 ms - 68[39m
[35m[HTTP][39m [90m[39m
[35m[HTTP][39m [37m-->[39m [37mPOST[39m [37m/wd/hub/session/e0fb97d8-da79-4c29-82d3-6a7a5d64ab3a/timeouts[39m
[35m[HTTP][39m [90m{"implicit":60000}[39m
[35m[HTTP][39m [37m<-- POST /wd/hub/session/e0fb97d8-da79-4c29-82d3-6a7a5d64ab3a/timeouts [39m[32m200[39m [90m2 ms - 14[39m
[35m[HTTP][39m [90m[39m
[35m[HTTP][39m [37m-->[39m [37mGET[39m [37m/wd/hub/session/e0fb97d8-da79-4c29-82d3-6a7a5d64ab3a/source[39m
[35m[HTTP][39m [90m{}[39m
[35m[W3C (e0fb97d8)][39m Driver proxy active, passing request on via HTTP proxy
[35m[WD Proxy][39m Replacing sessionId 0eb85f62-0ba0-4061-a363-3e3187b99538 with e0fb97d8-da79-4c29-82d3-6a7a5d64ab3a
[35m[HTTP][39m [37m<-- GET /wd/hub/session/e0fb97d8-da79-4c29-82d3-6a7a5d64ab3a/source [39m[32m200[39m [90m184 ms - 5393[39m
[35m[HTTP][39m [90m[39m
[35m[HTTP][39m [37m-->[39m [37mGET[39m [37m/wd/hub/session/e0fb97d8-da79-4c29-82d3-6a7a5d64ab3a/screenshot[39m
[35m[HTTP][39m [90m{}[39m
[35m[HTTP][39m [37m<-- GET /wd/hub/session/e0fb97d8-da79-4c29-82d3-6a7a5d64ab3a/screenshot [39m[32m200[39m [90m233 ms - 57614[39m
[35m[HTTP][39m [90m[39m
[35m[HTTP][39m [37m-->[39m [37mGET[39m [37m/wd/hub/session/e0fb97d8-da79-4c29-82d3-6a7a5d64ab3a/source[39m
[35m[HTTP][39m [90m{}[39m
[35m[W3C (e0fb97d8)][39m Driver proxy active, passing request on via HTTP proxy
[35m[WD Proxy][39m Replacing sessionId 0eb85f62-0ba0-4061-a363-3e3187b99538 with e0fb97d8-da79-4c29-82d3-6a7a5d64ab3a
[35m[HTTP][39m [37m<-- GET /wd/hub/session/e0fb97d8-da79-4c29-82d3-6a7a5d64ab3a/source [39m[32m200[39m [90m27 ms - 1956[39m
[35m[HTTP][39m [90m[39m
[35m[HTTP][39m [37m-->[39m [37mGET[39m [37m/wd/hub/session/e0fb97d8-da79-4c29-82d3-6a7a5d64ab3a/screenshot[39m
[35m[HTTP][39m [90m{}[39m
[35m[HTTP][39m [37m<-- GET /wd/hub/session/e0fb97d8-da79-4c29-82d3-6a7a5d64ab3a/screenshot [39m[32m200[39m [90m211 ms - 90332[39m
[35m[HTTP][39m [90m[39m
[35m[HTTP][39m [37m-->[39m [37mGET[39m [37m/wd/hub/session/e0fb97d8-da79-4c29-82d3-6a7a5d64ab3a/source[39m
[35m[HTTP][39m [90m{}[39m
[35m[W3C (e0fb97d8)][39m Driver proxy active, passing request on via HTTP proxy
[35m[WD Proxy][39m Replacing sessionId 0eb85f62-0ba0-4061-a363-3e3187b99538 with e0fb97d8-da79-4c29-82d3-6a7a5d64ab3a
[35m[HTTP][39m [37m<-- GET /wd/hub/session/e0fb97d8-da79-4c29-82d3-6a7a5d64ab3a/source [39m[32m200[39m [90m129 ms - 22761[39m
[35m[HTTP][39m [90m[39m
[35m[HTTP][39m [37m-->[39m [37mGET[39m [37m/wd/hub/session/e0fb97d8-da79-4c29-82d3-6a7a5d64ab3a/screenshot[39m
[35m[HTTP][39m [90m{}[39m
[35m[HTTP][39m [37m<-- GET /wd/hub/session/e0fb97d8-da79-4c29-82d3-6a7a5d64ab3a/screenshot [39m[32m200[39m [90m202 ms - 90332[39m
[35m[HTTP][39m [90m[39m
[35m[HTTP][39m [37m-->[39m [37mPOST[39m [37m/wd/hub/session/e0fb97d8-da79-4c29-82d3-6a7a5d64ab3a/elements[39m
[35m[HTTP][39m [90m{"using":"xpath","value":"//*[@class = 'android.view.View' and (@text = 'Hello Everybody' or . = 'Hello Everybody')]"}[39m
[35m[HTTP][39m [37m<-- POST /wd/hub/session/e0fb97d8-da79-4c29-82d3-6a7a5d64ab3a/elements [39m[32m200[39m [90m128 ms - 139[39m
[35m[HTTP][39m [90m[39m
[35m[HTTP][39m [37m-->[39m [37mDELETE[39m [37m/wd/hub/session/e0fb97d8-da79-4c29-82d3-6a7a5d64ab3a[39m
[35m[HTTP][39m [90m{}[39m
[35m[Appium][39m Removing session e0fb97d8-da79-4c29-82d3-6a7a5d64ab3a from our master session list
[35m[UiAutomator2][39m Restoring hidden api policy to the device default configuration
[35m[HTTP][39m [37m<-- DELETE /wd/hub/session/e0fb97d8-da79-4c29-82d3-6a7a5d64ab3a [39m[32m200[39m [90m263 ms - 14[39m
[35m[HTTP][39m [90m[39m
